2024-02-23 13:29:42,143 - ERROR - Camera Error
2024-02-23 13:29:42,143 - ERROR - CAM ERROR
2024-02-23 13:31:23,244 - ERROR - Camera Error
2024-02-23 13:31:23,487 - ERROR - CAM ERROR
2024-02-23 13:32:40,019 - ERROR - Camera Error
2024-02-23 13:32:40,020 - ERROR - CAM ERROR
2024-02-23 13:34:27,918 - WARNING - Wrong PLC Signal
2024-02-23 13:35:38,794 - INFO - 
xxxxxxxxxxxxxxxxxxxxxxxxxxxxxxxx
2024-02-23 13:35:38,794 - INFO - --> Received scan signal from PLC
2024-02-23 13:35:38,794 - INFO - --> ------ SCAN SIGNAL -------
2024-02-23 13:35:39,849 - INFO - --> RESULT SCAN
2024-02-23 13:35:39,879 - INFO - PASS SCAN
2024-02-23 13:35:39,880 - INFO - ----------- SEND TO SFC -----------
2024-02-23 13:36:54,798 - INFO - 
xxxxxxxxxxxxxxxxxxxxxxxxxxxxxxxx
2024-02-23 13:36:54,798 - INFO - --> Received scan signal from PLC
2024-02-23 13:36:54,798 - INFO - --> ------ SCAN SIGNAL -------
2024-02-23 13:36:55,483 - INFO - --> RESULT SCAN
2024-02-23 13:36:55,483 - INFO - PASS SCAN
2024-02-23 13:36:55,483 - INFO - ----------- SEND TO SFC -----------
2024-02-23 13:36:55,483 - INFO - Send data to SFC: https://www.laserax.com 
2024-02-23 13:37:00,699 - WARNING - Received signal sfc when program is processing.
2024-02-23 13:38:48,649 - INFO - 
xxxxxxxxxxxxxxxxxxxxxxxxxxxxxxxx
2024-02-23 13:38:48,649 - INFO - --> Received scan signal from PLC
2024-02-23 13:38:48,649 - INFO - --> ------ SCAN SIGNAL -------
2024-02-23 13:38:49,082 - INFO - --> RESULT SCAN
2024-02-23 13:38:49,083 - INFO - PASS SCAN
2024-02-23 13:38:49,083 - INFO - ----------- SEND TO SFC -----------
2024-02-23 13:38:49,083 - INFO - Send data to SFC: https://www.laserax.com 
2024-02-23 13:38:54,608 - INFO - ------ SFC RESPONSE -------
2024-02-23 13:38:54,608 - INFO - --> Received pass signal from SFC
2024-02-23 13:39:05,924 - WARNING - Received signal sfc when program is processing.
2024-02-23 13:39:38,052 - INFO - ------ SFC RESPONSE -------
2024-02-23 13:39:38,052 - INFO - --> Received pass signal from SFC
2024-02-23 13:39:40,265 - INFO - ------ SFC RESPONSE -------
2024-02-23 13:39:40,265 - ERROR - --> Received fail signal from SFC
2024-02-23 13:41:40,935 - INFO - ------ SFC RESPONSE -------
2024-02-23 13:41:40,935 - INFO - --> Received pass signal from SFC
2024-02-23 13:41:57,520 - INFO - ------ SFC RESPONSE -------
2024-02-23 13:41:57,520 - INFO - --> Received pass signal from SFC
2024-02-23 13:41:58,750 - INFO - ------ SFC RESPONSE -------
2024-02-23 13:41:58,750 - ERROR - --> Received fail signal from SFC
2024-02-23 13:41:59,784 - INFO - ------ SFC RESPONSE -------
2024-02-23 13:41:59,784 - INFO - --> Received pass signal from SFC
2024-02-23 13:42:00,113 - INFO - ------ SFC RESPONSE -------
2024-02-23 13:42:00,113 - ERROR - --> Received fail signal from SFC
2024-02-23 13:42:04,869 - INFO - ------ SFC RESPONSE -------
2024-02-23 13:42:04,869 - INFO - --> Received pass signal from SFC
2024-02-23 13:42:06,104 - INFO - ------ SFC RESPONSE -------
2024-02-23 13:42:06,104 - ERROR - --> Received fail signal from SFC
2024-02-23 13:56:08,942 - INFO - 
xxxxxxxxxxxxxxxxxxxxxxxxxxxxxxxx
2024-02-23 13:56:08,942 - INFO - --> Received scan signal from PLC
2024-02-23 13:56:08,942 - INFO - --> ------ SCAN SIGNAL -------
2024-02-23 13:56:08,988 - INFO - --> RESULT SCAN
2024-02-23 13:56:08,988 - INFO - PASS SCAN
2024-02-23 13:56:08,988 - INFO - ----------- SEND TO SFC -----------
2024-02-23 13:56:08,988 - INFO - Send data to SFC: https://www.laserax.com 
2024-02-23 13:56:11,150 - INFO - 
xxxxxxxxxxxxxxxxxxxxxxxxxxxxxxxx
2024-02-23 13:56:11,150 - INFO - --> Received scan signal from PLC
2024-02-23 13:56:11,150 - INFO - --> ------ SCAN SIGNAL -------
2024-02-23 13:56:11,205 - INFO - --> RESULT SCAN
2024-02-23 13:56:11,205 - INFO - PASS SCAN
2024-02-23 13:56:11,205 - INFO - ----------- SEND TO SFC -----------
2024-02-23 13:56:11,205 - INFO - Send data to SFC: https://www.laserax.com 
2024-02-23 13:56:12,186 - INFO - 
xxxxxxxxxxxxxxxxxxxxxxxxxxxxxxxx
2024-02-23 13:56:12,186 - INFO - --> Received scan signal from PLC
2024-02-23 13:56:12,186 - INFO - --> ------ SCAN SIGNAL -------
2024-02-23 13:56:12,231 - INFO - --> RESULT SCAN
2024-02-23 13:56:12,232 - INFO - PASS SCAN
2024-02-23 13:56:12,232 - INFO - ----------- SEND TO SFC -----------
2024-02-23 13:56:12,232 - INFO - Send data to SFC: https://www.laserax.com 
2024-02-23 13:56:13,138 - INFO - 
xxxxxxxxxxxxxxxxxxxxxxxxxxxxxxxx
2024-02-23 13:56:13,138 - INFO - --> Received scan signal from PLC
2024-02-23 13:56:13,138 - INFO - --> ------ SCAN SIGNAL -------
2024-02-23 13:56:13,182 - INFO - --> RESULT SCAN
2024-02-23 13:56:13,182 - INFO - PASS SCAN
2024-02-23 13:56:13,182 - INFO - ----------- SEND TO SFC -----------
2024-02-23 13:56:13,182 - INFO - Send data to SFC: https://www.laserax.com 
2024-02-23 13:56:14,751 - INFO - 
xxxxxxxxxxxxxxxxxxxxxxxxxxxxxxxx
2024-02-23 13:56:14,751 - INFO - --> Received scan signal from PLC
2024-02-23 13:56:14,751 - INFO - --> ------ SCAN SIGNAL -------
2024-02-23 13:56:22,073 - INFO - --> RESULT SCAN
2024-02-23 13:56:22,073 - ERROR - FAILED
2024-02-23 13:56:22,073 - ERROR - ------FAIL SCAN-------
2024-02-23 13:56:22,073 - ERROR - Data : None
2024-02-23 18:17:26,651 - ERROR - CAM ERROR
2024-02-23 18:17:26,656 - ERROR - Camera Error
2024-02-23 18:20:57,294 - INFO - 
xxxxxxxxxxxxxxxxxxxxxxxxxxxxxxxx
2024-02-23 18:20:57,294 - INFO - --> Received scan signal from PLC
2024-02-23 18:20:57,294 - INFO - --> ------ SCAN SIGNAL -------
2024-02-23 18:20:58,678 - WARNING - Received signal PLC when program is processing.
2024-02-23 18:21:03,964 - INFO - --> RESULT SCAN
2024-02-23 18:21:03,964 - ERROR - FAILED
2024-02-23 18:21:03,964 - ERROR - ------FAIL SCAN-------
2024-02-23 18:21:03,964 - ERROR - Data : None
2024-02-23 18:21:04,980 - INFO - 
xxxxxxxxxxxxxxxxxxxxxxxxxxxxxxxx
2024-02-23 18:21:04,980 - INFO - --> Received scan signal from PLC
2024-02-23 18:21:04,980 - INFO - --> ------ SCAN SIGNAL -------
2024-02-23 18:21:11,629 - INFO - --> RESULT SCAN
2024-02-23 18:21:11,629 - ERROR - FAILED
2024-02-23 18:21:11,629 - ERROR - ------FAIL SCAN-------
2024-02-23 18:21:11,629 - ERROR - Data : None
2024-02-23 18:21:11,709 - INFO - 
xxxxxxxxxxxxxxxxxxxxxxxxxxxxxxxx
2024-02-23 18:21:11,709 - INFO - --> Received scan signal from PLC
2024-02-23 18:21:11,709 - INFO - --> ------ SCAN SIGNAL -------
2024-02-23 18:21:14,058 - WARNING - Received signal PLC when program is processing.
2024-02-23 18:21:18,381 - INFO - --> RESULT SCAN
2024-02-23 18:21:18,381 - ERROR - FAILED
2024-02-23 18:21:18,381 - ERROR - ------FAIL SCAN-------
2024-02-23 18:21:18,381 - ERROR - Data : None
2024-02-23 18:21:19,305 - INFO - 
xxxxxxxxxxxxxxxxxxxxxxxxxxxxxxxx
2024-02-23 18:21:19,305 - INFO - --> Received scan signal from PLC
2024-02-23 18:21:19,305 - INFO - --> ------ SCAN SIGNAL -------
2024-02-23 18:33:23,290 - INFO - ------ SFC RESPONSE -------
2024-02-23 18:33:23,290 - INFO - --> Received pass signal from SFC
2024-02-23 18:33:24,170 - INFO - ------ SFC RESPONSE -------
2024-02-23 18:33:24,170 - ERROR - --> Received fail signal from SFC
2024-02-23 18:33:25,624 - INFO - ------ SFC RESPONSE -------
2024-02-23 18:33:25,624 - INFO - --> Received pass signal from SFC
2024-02-23 18:33:26,080 - INFO - ------ SFC RESPONSE -------
2024-02-23 18:33:26,080 - ERROR - --> Received fail signal from SFC
2024-02-23 18:33:26,441 - INFO - ------ SFC RESPONSE -------
2024-02-23 18:33:26,441 - INFO - --> Received pass signal from SFC
2024-02-23 18:33:26,850 - INFO - ------ SFC RESPONSE -------
2024-02-23 18:33:26,850 - ERROR - --> Received fail signal from SFC
2024-02-23 18:33:27,240 - INFO - ------ SFC RESPONSE -------
2024-02-23 18:33:27,240 - INFO - --> Received pass signal from SFC
2024-02-23 18:33:27,677 - INFO - ------ SFC RESPONSE -------
2024-02-23 18:33:27,677 - ERROR - --> Received fail signal from SFC
2024-02-23 18:33:28,367 - INFO - ------ SFC RESPONSE -------
2024-02-23 18:33:28,367 - INFO - --> Received pass signal from SFC
2024-02-23 18:33:29,072 - INFO - ------ SFC RESPONSE -------
2024-02-23 18:33:29,072 - ERROR - --> Received fail signal from SFC
2024-02-23 18:33:29,464 - INFO - ------ SFC RESPONSE -------
2024-02-23 18:33:29,464 - INFO - --> Received pass signal from SFC
2024-02-23 18:33:29,746 - INFO - ------ SFC RESPONSE -------
2024-02-23 18:33:29,746 - ERROR - --> Received fail signal from SFC
2024-02-23 18:33:30,105 - INFO - ------ SFC RESPONSE -------
2024-02-23 18:33:30,105 - INFO - --> Received pass signal from SFC
2024-02-23 18:33:30,339 - INFO - ------ SFC RESPONSE -------
2024-02-23 18:33:30,339 - ERROR - --> Received fail signal from SFC
2024-02-23 18:33:30,651 - INFO - ------ SFC RESPONSE -------
2024-02-23 18:33:30,651 - INFO - --> Received pass signal from SFC
2024-02-23 18:33:31,575 - INFO - ------ SFC RESPONSE -------
2024-02-23 18:33:31,575 - ERROR - --> Received fail signal from SFC
2024-02-23 18:33:31,762 - INFO - ------ SFC RESPONSE -------
2024-02-23 18:33:31,762 - ERROR - --> Received fail signal from SFC
2024-02-23 18:33:31,920 - INFO - ------ SFC RESPONSE -------
2024-02-23 18:33:31,920 - ERROR - --> Received fail signal from SFC
2024-02-23 18:33:32,077 - INFO - ------ SFC RESPONSE -------
2024-02-23 18:33:32,077 - ERROR - --> Received fail signal from SFC
2024-02-23 18:33:32,218 - INFO - ------ SFC RESPONSE -------
2024-02-23 18:33:32,218 - ERROR - --> Received fail signal from SFC
2024-02-23 18:33:32,516 - INFO - ------ SFC RESPONSE -------
2024-02-23 18:33:32,516 - INFO - --> Received pass signal from SFC
2024-02-23 18:33:32,827 - INFO - ------ SFC RESPONSE -------
2024-02-23 18:33:32,827 - ERROR - --> Received fail signal from SFC
2024-02-23 18:33:33,123 - INFO - ------ SFC RESPONSE -------
2024-02-23 18:33:33,123 - INFO - --> Received pass signal from SFC
2024-02-23 18:33:33,327 - INFO - ------ SFC RESPONSE -------
2024-02-23 18:33:33,327 - ERROR - --> Received fail signal from SFC
2024-02-23 18:33:33,611 - INFO - ------ SFC RESPONSE -------
2024-02-23 18:33:33,611 - INFO - --> Received pass signal from SFC
2024-02-23 18:34:49,507 - INFO - 
xxxxxxxxxxxxxxxxxxxxxxxxxxxxxxxx
2024-02-23 18:34:49,507 - INFO - --> Received scan signal from PLC
2024-02-23 18:34:49,507 - INFO - --> ------ SCAN SIGNAL -------
2024-02-23 18:34:56,255 - INFO - --> RESULT SCAN
2024-02-23 18:34:56,255 - ERROR - FAILED
2024-02-23 18:34:56,255 - ERROR - ------FAIL SCAN-------
2024-02-23 18:34:56,256 - ERROR - Data : None
2024-02-23 18:34:59,800 - INFO - 
xxxxxxxxxxxxxxxxxxxxxxxxxxxxxxxx
2024-02-23 18:34:59,800 - INFO - --> Received scan signal from PLC
2024-02-23 18:34:59,800 - INFO - --> ------ SCAN SIGNAL -------
2024-02-23 18:35:06,482 - INFO - --> RESULT SCAN
2024-02-23 18:35:06,482 - ERROR - FAILED
2024-02-23 18:35:06,482 - ERROR - ------FAIL SCAN-------
2024-02-23 18:35:06,482 - ERROR - Data : None
2024-02-23 18:35:14,148 - INFO - 
xxxxxxxxxxxxxxxxxxxxxxxxxxxxxxxx
2024-02-23 18:35:14,148 - INFO - --> Received scan signal from PLC
2024-02-23 18:35:14,148 - INFO - --> ------ SCAN SIGNAL -------
2024-02-23 18:35:20,824 - INFO - --> RESULT SCAN
2024-02-23 18:35:20,824 - ERROR - FAILED
2024-02-23 18:35:20,824 - ERROR - ------FAIL SCAN-------
2024-02-23 18:35:20,824 - ERROR - Data : None
2024-02-23 18:36:43,653 - INFO - 
xxxxxxxxxxxxxxxxxxxxxxxxxxxxxxxx
2024-02-23 18:36:43,653 - INFO - --> Received scan signal from PLC
2024-02-23 18:36:43,653 - INFO - --> ------ SCAN SIGNAL -------
2024-02-23 18:36:50,297 - INFO - --> RESULT SCAN
2024-02-23 18:36:50,297 - ERROR - FAILED
2024-02-23 18:36:50,297 - ERROR - ------FAIL SCAN-------
2024-02-23 18:36:50,297 - ERROR - Data : None
2024-02-23 18:37:35,954 - INFO - 
xxxxxxxxxxxxxxxxxxxxxxxxxxxxxxxx
2024-02-23 18:37:35,954 - INFO - --> Received scan signal from PLC
2024-02-23 18:37:35,954 - INFO - --> ------ SCAN SIGNAL -------
2024-02-23 18:37:42,682 - INFO - --> RESULT SCAN
2024-02-23 18:37:42,682 - ERROR - FAILED
2024-02-23 18:37:42,682 - ERROR - ------FAIL SCAN-------
2024-02-23 18:37:42,682 - ERROR - Data : None
2024-02-23 18:37:59,699 - INFO - 
xxxxxxxxxxxxxxxxxxxxxxxxxxxxxxxx
2024-02-23 18:37:59,699 - INFO - --> Received scan signal from PLC
2024-02-23 18:37:59,699 - INFO - --> ------ SCAN SIGNAL -------
2024-02-23 18:38:06,414 - INFO - --> RESULT SCAN
2024-02-23 18:38:06,414 - ERROR - FAILED
2024-02-23 18:38:06,414 - ERROR - ------FAIL SCAN-------
2024-02-23 18:38:06,414 - ERROR - Data : None
2024-02-23 18:43:06,692 - INFO - 
xxxxxxxxxxxxxxxxxxxxxxxxxxxxxxxx
2024-02-23 18:43:06,692 - INFO - --> Received scan signal from PLC
2024-02-23 18:43:06,692 - INFO - --> ------ SCAN SIGNAL -------
2024-02-23 18:43:07,482 - INFO - --> RESULT SCAN
2024-02-23 18:43:07,482 - ERROR - FAILED
2024-02-23 18:43:07,482 - ERROR - ------FAIL SCAN-------
2024-02-23 18:43:07,482 - ERROR - Data : None
2024-02-23 18:43:08,393 - INFO - 
xxxxxxxxxxxxxxxxxxxxxxxxxxxxxxxx
2024-02-23 18:43:08,393 - INFO - --> Received scan signal from PLC
2024-02-23 18:43:08,393 - INFO - --> ------ SCAN SIGNAL -------
2024-02-23 18:43:09,209 - INFO - --> RESULT SCAN
2024-02-23 18:43:09,209 - ERROR - FAILED
2024-02-23 18:43:09,209 - ERROR - ------FAIL SCAN-------
2024-02-23 18:43:09,209 - ERROR - Data : None
2024-02-23 18:43:10,873 - INFO - 
xxxxxxxxxxxxxxxxxxxxxxxxxxxxxxxx
2024-02-23 18:43:10,873 - INFO - --> Received scan signal from PLC
2024-02-23 18:43:10,873 - INFO - --> ------ SCAN SIGNAL -------
2024-02-23 18:43:11,710 - INFO - --> RESULT SCAN
2024-02-23 18:43:11,710 - ERROR - FAILED
2024-02-23 18:43:11,710 - ERROR - ------FAIL SCAN-------
2024-02-23 18:43:11,710 - ERROR - Data : None
2024-02-23 18:43:13,072 - INFO - 
xxxxxxxxxxxxxxxxxxxxxxxxxxxxxxxx
2024-02-23 18:43:13,072 - INFO - --> Received scan signal from PLC
2024-02-23 18:43:13,072 - INFO - --> ------ SCAN SIGNAL -------
2024-02-23 18:43:13,854 - INFO - --> RESULT SCAN
2024-02-23 18:43:13,854 - ERROR - FAILED
2024-02-23 18:43:13,854 - ERROR - ------FAIL SCAN-------
2024-02-23 18:43:13,854 - ERROR - Data : None
